[2023-04-21 01:09:02.591] [INFO ] [main] com.springboot.api.ApiApplication Starting ApiApplication using Java 11.0.19 on Junui-MacBookAir.local with PID 3543 (/Users/jun/Documents/GitHub/bootguide/hello/api/build/classes/java/main started by jun in /Users/jun/Documents/GitHub/bootguide/hello)
[2023-04-21 01:09:02.594] [INFO ] [main] com.springboot.api.ApiApplication No active profile set, falling back to 1 default profile: "default"
[2023-04-21 01:09:03.811] [INFO ] [main] org.springframework.boot.web.embedded.tomcat.TomcatWebServer Tomcat initialized with port(s): 8080 (http)
[2023-04-21 01:09:03.818] [INFO ] [main] org.apache.coyote.http11.Http11NioProtocol Initializing ProtocolHandler ["http-nio-8080"]
[2023-04-21 01:09:03.819] [INFO ] [main] org.apache.catalina.core.StandardService Starting service [Tomcat]
[2023-04-21 01:09:03.819] [INFO ] [main] org.apache.catalina.core.StandardEngine Starting Servlet engine: [Apache Tomcat/9.0.73]
[2023-04-21 01:09:03.964] [INFO ] [main] org.apache.catalina.core.ContainerBase.[Tomcat].[localhost].[/] Initializing Spring embedded WebApplicationContext
[2023-04-21 01:09:03.964] [INFO ] [main] org.springframework.boot.web.servlet.context.ServletWebServerApplicationContext Root WebApplicationContext: initialization completed in 1327 ms
[2023-04-21 01:09:04.813] [INFO ] [main] org.apache.coyote.http11.Http11NioProtocol Starting ProtocolHandler ["http-nio-8080"]
[2023-04-21 01:09:04.830] [INFO ] [main] org.springframework.boot.web.embedded.tomcat.TomcatWebServer Tomcat started on port(s): 8080 (http) with context path ''
[2023-04-21 01:09:05.148] [INFO ] [main] com.springboot.api.ApiApplication Started ApiApplication in 2.976 seconds (JVM running for 3.774)
[2023-04-21 01:09:41.380] [INFO ] [http-nio-8080-exec-1] org.apache.catalina.core.ContainerBase.[Tomcat].[localhost].[/] Initializing Spring DispatcherServlet 'dispatcherServlet'
[2023-04-21 01:09:41.381] [INFO ] [http-nio-8080-exec-1] org.springframework.web.servlet.DispatcherServlet Initializing Servlet 'dispatcherServlet'
[2023-04-21 01:09:41.383] [INFO ] [http-nio-8080-exec-1] org.springframework.web.servlet.DispatcherServlet Completed initialization in 2 ms
[2023-04-21 01:09:41.405] [INFO ] [http-nio-8080-exec-1] com.springboot.api.controller.GetController getName 호출
[2023-04-21 01:14:57.515] [INFO ] [main] com.springboot.api.ApiApplication Starting ApiApplication using Java 11.0.19 on Junui-MacBookAir.local with PID 3575 (/Users/jun/Documents/GitHub/bootguide/hello/api/build/classes/java/main started by jun in /Users/jun/Documents/GitHub/bootguide/hello)
[2023-04-21 01:14:57.518] [INFO ] [main] com.springboot.api.ApiApplication No active profile set, falling back to 1 default profile: "default"
[2023-04-21 01:14:58.702] [INFO ] [main] org.springframework.boot.web.embedded.tomcat.TomcatWebServer Tomcat initialized with port(s): 8080 (http)
[2023-04-21 01:14:58.709] [INFO ] [main] org.apache.coyote.http11.Http11NioProtocol Initializing ProtocolHandler ["http-nio-8080"]
[2023-04-21 01:14:58.709] [INFO ] [main] org.apache.catalina.core.StandardService Starting service [Tomcat]
[2023-04-21 01:14:58.709] [INFO ] [main] org.apache.catalina.core.StandardEngine Starting Servlet engine: [Apache Tomcat/9.0.73]
[2023-04-21 01:14:58.853] [INFO ] [main] org.apache.catalina.core.ContainerBase.[Tomcat].[localhost].[/] Initializing Spring embedded WebApplicationContext
[2023-04-21 01:14:58.854] [INFO ] [main] org.springframework.boot.web.servlet.context.ServletWebServerApplicationContext Root WebApplicationContext: initialization completed in 1296 ms
[2023-04-21 01:14:59.535] [INFO ] [main] org.apache.coyote.http11.Http11NioProtocol Starting ProtocolHandler ["http-nio-8080"]
[2023-04-21 01:14:59.552] [INFO ] [main] org.springframework.boot.web.embedded.tomcat.TomcatWebServer Tomcat started on port(s): 8080 (http) with context path ''
[2023-04-21 01:14:59.850] [INFO ] [main] com.springboot.api.ApiApplication Started ApiApplication in 2.725 seconds (JVM running for 3.463)
