[2023-04-21 00:29:56.972] [INFO ] [main] com.springboot.api.ApiApplication Starting ApiApplication using Java 11.0.19 on Junui-MacBookAir.local with PID 3317 (/Users/jun/Documents/GitHub/bootguide/hello/api/build/classes/java/main started by jun in /Users/jun/Documents/GitHub/bootguide/hello)
[2023-04-21 00:29:56.975] [INFO ] [main] com.springboot.api.ApiApplication No active profile set, falling back to 1 default profile: "default"
[2023-04-21 00:29:58.128] [INFO ] [main] org.springframework.boot.web.embedded.tomcat.TomcatWebServer Tomcat initialized with port(s): 8080 (http)
[2023-04-21 00:29:58.135] [INFO ] [main] org.apache.coyote.http11.Http11NioProtocol Initializing ProtocolHandler ["http-nio-8080"]
[2023-04-21 00:29:58.135] [INFO ] [main] org.apache.catalina.core.StandardService Starting service [Tomcat]
[2023-04-21 00:29:58.136] [INFO ] [main] org.apache.catalina.core.StandardEngine Starting Servlet engine: [Apache Tomcat/9.0.73]
[2023-04-21 00:29:58.279] [INFO ] [main] org.apache.catalina.core.ContainerBase.[Tomcat].[localhost].[/] Initializing Spring embedded WebApplicationContext
[2023-04-21 00:29:58.279] [INFO ] [main] org.springframework.boot.web.servlet.context.ServletWebServerApplicationContext Root WebApplicationContext: initialization completed in 1264 ms
[2023-04-21 00:29:58.968] [INFO ] [main] org.apache.coyote.http11.Http11NioProtocol Starting ProtocolHandler ["http-nio-8080"]
[2023-04-21 00:29:58.986] [INFO ] [main] org.springframework.boot.web.embedded.tomcat.TomcatWebServer Tomcat started on port(s): 8080 (http) with context path ''
[2023-04-21 00:29:59.297] [INFO ] [main] com.springboot.api.ApiApplication Started ApiApplication in 2.709 seconds (JVM running for 3.566)
[2023-04-21 00:30:02.163] [INFO ] [http-nio-8080-exec-1] org.apache.catalina.core.ContainerBase.[Tomcat].[localhost].[/] Initializing Spring DispatcherServlet 'dispatcherServlet'
[2023-04-21 00:30:02.164] [INFO ] [http-nio-8080-exec-1] org.springframework.web.servlet.DispatcherServlet Initializing Servlet 'dispatcherServlet'
[2023-04-21 00:30:02.167] [INFO ] [http-nio-8080-exec-1] org.springframework.web.servlet.DispatcherServlet Completed initialization in 3 ms
[2023-04-21 00:30:02.195] [INFO ] [http-nio-8080-exec-1] com.springboot.api.controller.GetController getName 호출
[2023-04-21 00:34:47.652] [INFO ] [main] com.springboot.api.ApiApplication Starting ApiApplication using Java 11.0.19 on Junui-MacBookAir.local with PID 3366 (/Users/jun/Documents/GitHub/bootguide/hello/api/build/classes/java/main started by jun in /Users/jun/Documents/GitHub/bootguide/hello)
[2023-04-21 00:34:47.655] [INFO ] [main] com.springboot.api.ApiApplication No active profile set, falling back to 1 default profile: "default"
[2023-04-21 00:34:48.829] [INFO ] [main] org.springframework.boot.web.embedded.tomcat.TomcatWebServer Tomcat initialized with port(s): 8080 (http)
[2023-04-21 00:34:48.836] [INFO ] [main] org.apache.coyote.http11.Http11NioProtocol Initializing ProtocolHandler ["http-nio-8080"]
[2023-04-21 00:34:48.836] [INFO ] [main] org.apache.catalina.core.StandardService Starting service [Tomcat]
[2023-04-21 00:34:48.837] [INFO ] [main] org.apache.catalina.core.StandardEngine Starting Servlet engine: [Apache Tomcat/9.0.73]
[2023-04-21 00:34:48.979] [INFO ] [main] org.apache.catalina.core.ContainerBase.[Tomcat].[localhost].[/] Initializing Spring embedded WebApplicationContext
[2023-04-21 00:34:48.980] [INFO ] [main] org.springframework.boot.web.servlet.context.ServletWebServerApplicationContext Root WebApplicationContext: initialization completed in 1283 ms
[2023-04-21 00:34:49.657] [INFO ] [main] org.apache.coyote.http11.Http11NioProtocol Starting ProtocolHandler ["http-nio-8080"]
[2023-04-21 00:34:49.675] [INFO ] [main] org.springframework.boot.web.embedded.tomcat.TomcatWebServer Tomcat started on port(s): 8080 (http) with context path ''
[2023-04-21 00:34:49.989] [INFO ] [main] com.springboot.api.ApiApplication Started ApiApplication in 2.726 seconds (JVM running for 3.608)
[2023-04-21 00:34:57.265] [INFO ] [http-nio-8080-exec-1] org.apache.catalina.core.ContainerBase.[Tomcat].[localhost].[/] Initializing Spring DispatcherServlet 'dispatcherServlet'
[2023-04-21 00:34:57.267] [INFO ] [http-nio-8080-exec-1] org.springframework.web.servlet.DispatcherServlet Initializing Servlet 'dispatcherServlet'
[2023-04-21 00:34:57.270] [INFO ] [http-nio-8080-exec-1] org.springframework.web.servlet.DispatcherServlet Completed initialization in 3 ms
[2023-04-21 00:34:57.296] [INFO ] [http-nio-8080-exec-1] com.springboot.api.controller.GetController getName 호출
